<?xml version="1.0" encoding="UTF-8"?>
<testng-results skipped="0" failed="0" ignored="0" total="1" passed="1">
  <reporter-output>
  </reporter-output>
  <suite name="Default suite" duration-ms="41173" started-at="2018-12-19T17:48:13Z" finished-at="2018-12-19T17:48:54Z">
    <groups>
    </groups>
    <test name="Default test" duration-ms="41173" started-at="2018-12-19T17:48:13Z" finished-at="2018-12-19T17:48:54Z">
      <class name="com.orangehrmlive_Rough_Scripts.LoginLogoutPractice">
        <test-method status="PASS" signature="startTest()[pri:0, instance:com.orangehrmlive_Rough_Scripts.LoginLogoutPractice@612679d6]" name="startTest" is-config="true" duration-ms="264" started-at="2018-12-19T17:48:13Z" finished-at="2018-12-19T17:48:13Z">
          <reporter-output>
          </reporter-output>
        </test-method> <!-- startTest -->
        <test-method status="PASS" signature="preConfig()[pri:0, instance:com.orangehrmlive_Rough_Scripts.LoginLogoutPractice@612679d6]" name="preConfig" is-config="true" duration-ms="28039" started-at="2018-12-19T17:48:13Z" finished-at="2018-12-19T17:48:41Z">
          <reporter-output>
          </reporter-output>
        </test-method> <!-- preConfig -->
        <test-method status="PASS" signature="testLoginLogoutPractice()[pri:0, instance:com.orangehrmlive_Rough_Scripts.LoginLogoutPractice@612679d6]" name="testLoginLogoutPractice" duration-ms="7809" started-at="2018-12-19T17:48:41Z" finished-at="2018-12-19T17:48:49Z">
          <reporter-output>
          </reporter-output>
        </test-method> <!-- testLoginLogoutPractice -->
        <test-method status="PASS" signature="postConfig()[pri:0, instance:com.orangehrmlive_Rough_Scripts.LoginLogoutPractice@612679d6]" name="postConfig" is-config="true" duration-ms="4611" started-at="2018-12-19T17:48:49Z" finished-at="2018-12-19T17:48:54Z">
          <reporter-output>
          </reporter-output>
        </test-method> <!-- postConfig -->
        <test-method status="PASS" signature="endTest()[pri:0, instance:com.orangehrmlive_Rough_Scripts.LoginLogoutPractice@612679d6]" name="endTest" is-config="true" duration-ms="399" started-at="2018-12-19T17:48:54Z" finished-at="2018-12-19T17:48:54Z">
          <reporter-output>
          </reporter-output>
        </test-method> <!-- endTest -->
      </class> <!-- com.orangehrmlive_Rough_Scripts.LoginLogoutPractice -->
    </test> <!-- Default test -->
  </suite> <!-- Default suite -->
</testng-results>
